  UnitTest4.cpp
C:\Users\user\Desktop\programming\virtual studio\UnitTest4\UnitTest4.cpp(105,17): error C3861: 'checkValidParams': identifier not found
C:\Users\user\Desktop\programming\virtual studio\UnitTest4\UnitTest4.cpp(121,17): error C3861: 'checkValidParams': identifier not found
